<?xml version="1.0" encoding="UTF-8"?>
<!-- Generated by org.testng.reporters.JUnitReportReporter -->
<testsuite hostname="Atharva" failures="0" tests="1" name="com.xyz.qa.testcases.AddCustomer" time="6.843" errors="0" timestamp="2024-03-07T14:41:13 IST" skipped="0">
  <testcase classname="com.xyz.qa.testcases.AddCustomer" name="managertest" time="6.843"/>
  <system-out/>
</testsuite> <!-- com.xyz.qa.testcases.AddCustomer -->
