<?xml version="1.0" encoding="UTF-8"?>
<!-- Generated by org.testng.reporters.JUnitReportReporter -->
<testsuite hostname="Atharva" failures="0" tests="1" name="com.xyz.qa.testcases.CustomerCompleteInfo" time="9.796" errors="0" timestamp="2024-03-07T14:19:12 IST" skipped="0">
  <testcase classname="com.xyz.qa.testcases.CustomerCompleteInfo" name="customercompleteinfo1" time="9.796"/>
  <system-out/>
</testsuite> <!-- com.xyz.qa.testcases.CustomerCompleteInfo -->
