<?xml version="1.0" encoding="UTF-8"?>
<!-- Generated by org.testng.reporters.JUnitReportReporter -->
<testsuite hostname="Atharva" failures="0" tests="1" name="com.xyz.qa.testcases.CustomerCompleteInfoTest" time="9.080" errors="0" timestamp="2024-03-07T21:52:42 IST" skipped="0">
  <testcase classname="com.xyz.qa.testcases.CustomerCompleteInfoTest" name="customercompleteinfo1" time="9.080"/>
  <system-out/>
</testsuite> <!-- com.xyz.qa.testcases.CustomerCompleteInfoTest -->
