<?xml version="1.0" encoding="UTF-8"?>
<!-- Generated by org.testng.reporters.JUnitReportReporter -->
<testsuite hostname="Atharva" failures="0" tests="2" name="com.crm.qa.testcases.AddToCartTest" time="7.465" errors="0" timestamp="02 Mar 2024 05:53:20 GMT" skipped="0">
  <testcase classname="com.crm.qa.testcases.AddToCartTest" name="AddToCartTest" time="3.133"/>
  <testcase classname="com.crm.qa.testcases.AddToCartTest" name="addtocartPageTitleTest" time="4.332"/>
</testsuite> <!-- com.crm.qa.testcases.AddToCartTest -->
