<?xml version="1.0" encoding="UTF-8"?>
<!-- Generated by org.testng.reporters.JUnitReportReporter -->
<testsuite hostname="Atharva" failures="0" tests="1" name="com.xyz.qa.testcases.CustomerLoginTest" time="10.998" errors="0" timestamp="2024-03-07T19:30:37 IST" skipped="0">
  <testcase classname="com.xyz.qa.testcases.CustomerLoginTest" name="testCustomerLoginFlow" time="10.998"/>
  <system-out/>
</testsuite> <!-- com.xyz.qa.testcases.CustomerLoginTest -->
