<?xml version="1.0" encoding="UTF-8"?>
<!-- Generated by org.testng.reporters.JUnitReportReporter -->
<testsuite hostname="Atharva" failures="0" tests="1" name="com.crm.qa.testcases.CheckOutTest" time="4.816" errors="0" timestamp="02 Mar 2024 07:41:32 GMT" skipped="0">
  <testcase classname="com.crm.qa.testcases.CheckOutTest" name="AddToCartTest1" time="4.816"/>
</testsuite> <!-- com.crm.qa.testcases.CheckOutTest -->
