<?xml version="1.0" encoding="UTF-8"?>
<!-- Generated by org.testng.reporters.JUnitReportReporter -->
<testsuite hostname="Atharva" failures="0" tests="1" name="com.xyz.qa.testcases.LoginPageTest" time="5.375" errors="0" timestamp="2024-03-06T23:25:38 IST" skipped="0">
  <testcase classname="com.xyz.qa.testcases.LoginPageTest" name="loginTest" time="5.375"/>
  <system-out/>
</testsuite> <!-- com.xyz.qa.testcases.LoginPageTest -->
