<?xml version="1.0" encoding="UTF-8"?>
<!-- Generated by org.testng.reporters.JUnitReportReporter -->
<testsuite hostname="Atharva" failures="0" tests="1" name="com.xyz.qa.testcases.DepositWithdrawalTest" time="8.781" errors="0" timestamp="2024-03-11T13:50:53 IST" skipped="0">
  <testcase classname="com.xyz.qa.testcases.DepositWithdrawalTest" name="testCustomerLoginFlow" time="8.781"/>
  <system-out/>
</testsuite> <!-- com.xyz.qa.testcases.DepositWithdrawalTest -->
