<?xml version="1.0" encoding="UTF-8"?>
<!-- Generated by org.testng.reporters.JUnitReportReporter -->
<testsuite hostname="Atharva" failures="0" tests="1" name="com.xyz.qa.testcases.CustomerCompleteInfoTest" time="8.937" errors="0" timestamp="2024-03-08T13:52:36 IST" skipped="0">
  <testcase classname="com.xyz.qa.testcases.CustomerCompleteInfoTest" name="customercompleteinfo1" time="8.937"/>
  <system-out/>
</testsuite> <!-- com.xyz.qa.testcases.CustomerCompleteInfoTest -->
