<?xml version="1.0" encoding="UTF-8"?>
<!-- Generated by org.testng.reporters.JUnitReportReporter -->
<testsuite hostname="Atharva" failures="0" tests="2" name="com.xyz.qa.testcases.AddCustomerTest" time="15.104" errors="0" timestamp="2024-03-08T13:52:36 IST" skipped="0">
  <testcase classname="com.xyz.qa.testcases.AddCustomerTest" name="addcust1" time="9.997"/>
  <system-out/>
  <testcase classname="com.xyz.qa.testcases.AddCustomerTest" name="addcustomerinvalid" time="5.107"/>
  <system-out/>
</testsuite> <!-- com.xyz.qa.testcases.AddCustomerTest -->
