<?xml version="1.0" encoding="UTF-8"?>
<!-- Generated by org.testng.reporters.JUnitReportReporter -->
<testsuite hostname="Atharva" failures="0" tests="1" name="com.xyz.qa.testcases.ExistingcustTest" time="6.281" errors="0" timestamp="2024-03-07T21:04:12 IST" skipped="0">
  <testcase classname="com.xyz.qa.testcases.ExistingcustTest" name="existing1" time="6.281"/>
  <system-out/>
</testsuite> <!-- com.xyz.qa.testcases.ExistingcustTest -->
