<?xml version="1.0" encoding="UTF-8"?>
<!-- Generated by org.testng.reporters.JUnitReportReporter -->
<testsuite hostname="Atharva" failures="0" tests="2" name="com.xyz.qa.testcases.AddCustomerTest" time="14.034" errors="0" timestamp="2024-03-07T21:04:12 IST" skipped="0">
  <testcase classname="com.xyz.qa.testcases.AddCustomerTest" name="addcust1" time="6.373"/>
  <system-out/>
  <testcase classname="com.xyz.qa.testcases.AddCustomerTest" name="addcustomerinvalid" time="7.661"/>
  <system-out/>
</testsuite> <!-- com.xyz.qa.testcases.AddCustomerTest -->
